
------------------------------------------------------------------------------------------------------------------------------------------------------------------------------------------------------
Top ten with regards to system cost
------------------------------------------------------------------------------------------------------------------------------------------------------------------------------------------------------
|Diameters                 |Pump Type|Number of Pumps   |System Cost|Operating Cost (1 month max)|Flow Rates                                                              |Total Flow|Total Head Required|
| in                       |         | series, parallel | $         | $                          | gal/min                                                                | gal/min  | ft                |
|--------------------------|---------|------------------|-----------|----------------------------|------------------------------------------------------------------------|----------|-------------------|
|[1, 0.75, 0.5, 0.75, 0.5] |C        |[5, 1]            |1988.2     |42.18                       |[4.37, 3.78, 3.38, 3.0, 2.85, 2.91, 1.85, 1.59, 1.41, 1.23, 1.16, 1.18] |28.71     |58.8               |
|[1, 0.75, 0.5, 1, 0.75]   |C        |[5, 1]            |2152.03    |41.76                       |[4.17, 3.61, 3.22, 2.86, 2.71, 2.77, 2.37, 1.97, 1.7, 1.38, 1.27, 1.29] |29.34     |56.97              |
|[1, 0.75, 0.75, 1, 0.5]   |C        |[6, 1]            |2401.43    |46.83                       |[7.68, 5.6, 4.33, 2.61, 2.08, 1.99, 1.38, 1.29, 1.23, 1.27, 1.24, 1.28] |32.0      |58.57              |
|[1, 0.75, 0.75, 0.75, 0.5]|C        |[7, 1]            |2644.8     |51.48                       |[8.01, 5.84, 4.51, 2.73, 2.18, 2.09, 1.78, 1.53, 1.36, 1.19, 1.12, 1.14]|33.48     |61.52              |
|[1, 0.5, 0.5, 0.5, 0.5]   |C        |[9, 1]            |2975.55    |73.1                        |[5.43, 3.86, 2.92, 1.67, 1.28, 1.2, 4.76, 3.38, 2.55, 1.45, 1.11, 1.04] |30.65     |95.43              |
|[1, 0.75, 0.5, 0.75, 0.5] |B        |[3, 1]            |3138.2     |42.21                       |[4.54, 3.92, 3.51, 3.12, 2.96, 3.03, 2.18, 1.87, 1.66, 1.46, 1.38, 1.41]|31.04     |62.19              |
|[1, 0.75, 0.75, 1, 0.5]   |B        |[3, 1]            |3301.43    |40.98                       |[7.68, 5.6, 4.33, 2.61, 2.08, 1.99, 1.38, 1.29, 1.23, 1.27, 1.24, 1.28] |32.0      |58.57              |
|[1, 0.75, 0.5, 1, 0.75]   |B        |[3, 1]            |3302.03    |41.36                       |[4.28, 3.7, 3.3, 2.93, 2.78, 2.84, 2.81, 2.34, 2.02, 1.65, 1.52, 1.54]  |31.72     |59.62              |
|[1, 0.75, 0.75, 1, 1]     |C        |[10, 1]           |3714.53    |58.24                       |[7.83, 5.71, 4.41, 2.66, 2.13, 2.04, 3.84, 2.81, 2.18, 1.33, 1.06, 1.02]|37.02     |62.95              |
|[1, 0.75, 0.5, 0.75, 0.5] |A        |[2, 1]            |3738.2     |37.52                       |[4.54, 3.92, 3.51, 3.12, 2.96, 3.03, 2.18, 1.87, 1.66, 1.46, 1.38, 1.41]|31.04     |62.19              |


------------------------------------------------------------------------------------------------------------------------------------------------------------------------------------------------------
Top ten with regards to operation cost
------------------------------------------------------------------------------------------------------------------------------------------------------------------------------------------------------
|Diameters                 |Pump Type|Number of Pumps   |System Cost|Operating Cost (1 month max)|Flow Rates                                                              |Total Flow|Total Head Required|
| in                       |         | series, parallel | $         | $                          | gal/min                                                                | gal/min  | ft                |
|--------------------------|---------|------------------|-----------|----------------------------|------------------------------------------------------------------------|----------|-------------------|
|[1, 0.75, 0.75, 1, 0.5]   |A        |[2, 1]            |3901.43    |36.42                       |[7.68, 5.6, 4.33, 2.61, 2.08, 1.99, 1.38, 1.29, 1.23, 1.27, 1.24, 1.28] |32.0      |58.57              |
|[1, 0.75, 0.5, 1, 0.75]   |A        |[2, 1]            |3902.03    |36.76                       |[4.28, 3.7, 3.3, 2.93, 2.78, 2.84, 2.81, 2.34, 2.02, 1.65, 1.52, 1.54]  |31.72     |59.62              |
|[1, 0.75, 0.5, 1, 0.5]    |A        |[2, 1]            |3744.82    |37.15                       |[4.41, 3.81, 3.4, 3.03, 2.87, 2.94, 1.95, 1.83, 1.75, 1.8, 1.77, 1.83]  |31.39     |60.9               |
|[1, 0.75, 0.5, 0.75, 0.5] |A        |[2, 1]            |3738.2     |37.52                       |[4.54, 3.92, 3.51, 3.12, 2.96, 3.03, 2.18, 1.87, 1.66, 1.46, 1.38, 1.41]|31.04     |62.19              |
|[1, 0.75, 0.75, 1, 0.5]   |B        |[3, 1]            |3301.43    |40.98                       |[7.68, 5.6, 4.33, 2.61, 2.08, 1.99, 1.38, 1.29, 1.23, 1.27, 1.24, 1.28] |32.0      |58.57              |
|[1, 0.75, 0.5, 1, 0.75]   |B        |[3, 1]            |3302.03    |41.36                       |[4.28, 3.7, 3.3, 2.93, 2.78, 2.84, 2.81, 2.34, 2.02, 1.65, 1.52, 1.54]  |31.72     |59.62              |
|[1, 0.75, 0.5, 1, 0.75]   |C        |[5, 1]            |2152.03    |41.76                       |[4.17, 3.61, 3.22, 2.86, 2.71, 2.77, 2.37, 1.97, 1.7, 1.38, 1.27, 1.29] |29.34     |56.97              |
|[1, 0.75, 0.5, 0.75, 0.5] |C        |[5, 1]            |1988.2     |42.18                       |[4.37, 3.78, 3.38, 3.0, 2.85, 2.91, 1.85, 1.59, 1.41, 1.23, 1.16, 1.18] |28.71     |58.8               |
|[1, 0.75, 0.5, 0.75, 0.5] |B        |[3, 1]            |3138.2     |42.21                       |[4.54, 3.92, 3.51, 3.12, 2.96, 3.03, 2.18, 1.87, 1.66, 1.46, 1.38, 1.41]|31.04     |62.19              |
|[1, 0.75, 0.75, 0.75, 0.5]|A        |[3, 1]            |5394.8     |45.08                       |[8.28, 6.04, 4.67, 2.82, 2.26, 2.16, 2.09, 1.79, 1.59, 1.4, 1.32, 1.35] |35.77     |64.84              |

