Building parameter array...
Parameter array built! Time taken: 0.0 seconds. 138 arrays to try.
Executing 138 solver functions...
10 options solved so far in 18 seconds.
20 options solved so far in 1 minute, 2 seconds.
30 options solved so far in 1 minute, 40 seconds.
40 options solved so far in 2 minutes, 21 seconds.
50 options solved so far in 3 minutes, 27 seconds.
60 options solved so far in 4 minutes, 19 seconds.
70 options solved so far in 4 minutes, 40 seconds.
80 options solved so far in 4 minutes, 57 seconds.
90 options solved so far in 5 minutes, 17 seconds.
100 options solved so far in 6 minutes, 3 seconds.
110 options solved so far in 6 minutes, 55 seconds.
120 options solved so far in 7 minutes, 42 seconds.
130 options solved so far in 8 minutes, 23 seconds.
Done! Solved 138 functions in 8 minutes, 38 seconds.
Summarizing...
Summary finished. Program done in 8 minutes, 38 seconds.

-------------------------------------------------------------------------------------------------------------------------------------------------------------------------------------------------------
Top five with regards to system cost
-------------------------------------------------------------------------------------------------------------------------------------------------------------------------------------------------------
|Diameters                  |Pump Type|Number of Pumps   |System Cost|Operating Cost (1 month max)|Flow Rates                                                              |Total Flow|Total Head Required|
| in                        |         | series, parallel | $         | $                          | gal/min                                                                | gal/min  | ft                |
|---------------------------|---------|------------------|-----------|----------------------------|------------------------------------------------------------------------|----------|-------------------|
|[1, 0.5, 0.5, 0.5, 0.5]    |C        |[9, 1]            |2975.55    |73.1                        |[5.43, 3.86, 2.92, 1.67, 1.28, 1.2, 4.76, 3.38, 2.55, 1.45, 1.11, 1.04] |30.65     |95.43              |
|[1, 0.75, 0.75, 1, 1]      |C        |[10, 1]           |3714.53    |58.24                       |[7.83, 5.71, 4.41, 2.66, 2.13, 2.04, 3.84, 2.81, 2.18, 1.33, 1.06, 1.02]|37.02     |62.95              |
|[1, 0.5, 0.5, 0.5, 0.5]    |B        |[5, 1]            |4725.55    |68.94                       |[5.58, 3.97, 3.0, 1.72, 1.32, 1.24, 4.96, 3.52, 2.66, 1.51, 1.16, 1.09] |31.71     |99.42              |
|[1, 0.75, 0.75, 0.75, 0.75]|C        |[16, 1]           |5051.4     |68.22                       |[8.46, 6.18, 4.78, 2.89, 2.31, 2.21, 4.11, 2.97, 2.28, 1.35, 1.06, 1.01]|39.61     |68.91              |
|[1, 0.75, 0.75, 1, 1]      |B        |[5, 1]            |5214.52    |50.96                       |[7.83, 5.71, 4.41, 2.66, 2.13, 2.04, 3.84, 2.81, 2.18, 1.33, 1.06, 1.02]|37.02     |62.95              |
|[1, 0.5, 0.5, 0.5, 0.5]    |A        |[3, 1]            |5225.55    |56.86                       |[5.43, 3.86, 2.92, 1.67, 1.28, 1.2, 4.76, 3.38, 2.55, 1.45, 1.11, 1.04] |30.65     |95.43              |


-------------------------------------------------------------------------------------------------------------------------------------------------------------------------------------------------------
Top five with regards to operation cost
-------------------------------------------------------------------------------------------------------------------------------------------------------------------------------------------------------
|Diameters                  |Pump Type|Number of Pumps   |System Cost|Operating Cost (1 month max)|Flow Rates                                                              |Total Flow|Total Head Required|
| in                        |         | series, parallel | $         | $                          | gal/min                                                                | gal/min  | ft                |
|---------------------------|---------|------------------|-----------|----------------------------|------------------------------------------------------------------------|----------|-------------------|
|[1, 0.75, 0.5, 0.75, 0.75] |A        |[3, 1]            |5394.8     |46.08                       |[4.68, 4.05, 3.62, 3.22, 3.06, 3.12, 4.39, 3.18, 2.45, 1.45, 1.14, 1.09]|35.45     |66.87              |
|[1, 0.75, 0.75, 1, 1]      |A        |[4, 1]            |7214.52    |47.9                        |[7.92, 5.78, 4.47, 2.69, 2.15, 2.06, 4.13, 3.03, 2.35, 1.43, 1.15, 1.1] |38.25     |64.43              |
|[1, 0.75, 0.75, 1, 1]      |B        |[5, 1]            |5214.52    |50.96                       |[7.83, 5.71, 4.41, 2.66, 2.13, 2.04, 3.84, 2.81, 2.18, 1.33, 1.06, 1.02]|37.02     |62.95              |
|[1, 0.75, 0.75, 0.75, 0.75]|A        |[6, 1]            |10051.4    |54.43                       |[8.52, 6.22, 4.81, 2.91, 2.33, 2.23, 4.21, 3.05, 2.34, 1.39, 1.09, 1.04]|40.16     |69.73              |
|[1, 0.5, 0.5, 0.5, 0.5]    |A        |[3, 1]            |5225.55    |56.86                       |[5.43, 3.86, 2.92, 1.67, 1.28, 1.2, 4.76, 3.38, 2.55, 1.45, 1.11, 1.04] |30.65     |95.43              |
|[1, 0.75, 0.75, 1, 1]      |C        |[10, 1]           |3714.53    |58.24                       |[7.83, 5.71, 4.41, 2.66, 2.13, 2.04, 3.84, 2.81, 2.18, 1.33, 1.06, 1.02]|37.02     |62.95              |

