Building parameter array...
Parameter array built! Time taken: 0.0 seconds. 138 arrays to try.
Executing 138 solver functions...
10 options solved so far in 19 seconds.
20 options solved so far in 38 seconds.
30 options solved so far in 54 seconds.
40 options solved so far in 1 minute, 16 seconds.
50 options solved so far in 1 minute, 43 seconds.
60 options solved so far in 2 minutes, 28 seconds.
70 options solved so far in 3 minutes, 3 seconds.
80 options solved so far in 3 minutes, 21 seconds.
90 options solved so far in 3 minutes, 46 seconds.
100 options solved so far in 4 minutes, 35 seconds.
110 options solved so far in 5 minutes, 27 seconds.
120 options solved so far in 5 minutes, 56 seconds.
130 options solved so far in 6 minutes, 53 seconds.
Done! Solved 138 functions in 7 minutes, 30 seconds.
Summarizing...
Summary finished. Program done in 7.0 minutes, 29.910494327545166 seconds.

-----------------------------------------------------------------------------------------------------------------------------------------------------------------------------------------------------------------
Top five with regards to system cost
-----------------------------------------------------------------------------------------------------------------------------------------------------------------------------------------------------------------
|Diameters                |Pump Type|Number of Pumps [series, parallel]|System Cost|Operating Cost (1 month)|Flow Rates                                                              |Total Flow|Total Head Required|
|-------------------------|---------|----------------------------------|-----------|------------------------|------------------------------------------------------------------------|----------|-------------------|
|[1, 0.75, 0.5, 0.75, 0.5]|C        |[5, 1]                            |1988.2     |42.18                   |[4.37, 3.78, 3.38, 3.0, 2.85, 2.91, 1.85, 1.59, 1.41, 1.23, 1.16, 1.18] |28.71     |58.8               |
|[1, 0.75, 0.5, 1, 0.5]   |C        |[5, 1]                            |1994.83    |41.98                   |[4.27, 3.69, 3.3, 2.93, 2.78, 2.84, 1.65, 1.55, 1.47, 1.52, 1.49, 1.54] |29.03     |57.87              |
|[1, 0.75, 0.5, 1, 0.75]  |C        |[5, 1]                            |2152.03    |41.76                   |[4.17, 3.61, 3.22, 2.86, 2.71, 2.77, 2.37, 1.97, 1.7, 1.38, 1.27, 1.29] |29.34     |56.97              |
|[1, 1, 0.5, 1, 0.5]      |C        |[7, 1]                            |2501.55    |101.06                  |[8.44, 6.16, 4.77, 2.88, 2.31, 2.21, 4.07, 2.95, 2.26, 1.34, 1.05, 1.0] |39.45     |102.52             |
|[1, 0.75, 0.5, 1, 1]     |C        |[6, 1]                            |2557.93    |112.41                  |[8.42, 6.22, 4.87, 3.06, 1.98, 1.93, 4.34, 1.57, 2.01, 2.77, 1.27, 1.11]|39.55     |113.73             |
|[1, 0.75, 0.75, 1, 0.75] |C        |[6, 1]                            |2558.62    |67.67                   |[8.44, 6.16, 4.77, 2.88, 2.31, 2.21, 4.07, 2.95, 2.26, 1.34, 1.05, 1.0] |39.45     |68.65              |


-----------------------------------------------------------------------------------------------------------------------------------------------------------------------------------------------------------------
Top five with regards to operation cost
-----------------------------------------------------------------------------------------------------------------------------------------------------------------------------------------------------------------
|Diameters                |Pump Type|Number of Pumps [series, parallel]|System Cost|Operating Cost (1 month)|Flow Rates                                                              |Total Flow|Total Head Required|
|-------------------------|---------|----------------------------------|-----------|------------------------|------------------------------------------------------------------------|----------|-------------------|
|[1, 0.75, 0.5, 1, 0.75]  |A        |[2, 1]                            |3902.03    |36.76                   |[4.28, 3.7, 3.3, 2.93, 2.78, 2.84, 2.81, 2.34, 2.02, 1.65, 1.52, 1.54]  |31.72     |59.62              |
|[1, 1, 1, 1, 0.5]        |A        |[2, 2]                            |7064.65    |36.78                   |[7.32, 5.23, 4.18, 1.77, 2.86, 5.59, 3.81, 2.6, 1.77, 1.08, 1.23, 1.72] |39.14     |48.34              |
|[1, 0.75, 0.5, 1, 0.5]   |A        |[2, 1]                            |3744.82    |37.15                   |[4.41, 3.81, 3.4, 3.03, 2.87, 2.94, 1.95, 1.83, 1.75, 1.8, 1.77, 1.83]  |31.39     |60.9               |
|[1, 0.75, 0.5, 0.75, 0.5]|A        |[2, 1]                            |3738.2     |37.52                   |[4.54, 3.92, 3.51, 3.12, 2.96, 3.03, 2.18, 1.87, 1.66, 1.46, 1.38, 1.41]|31.04     |62.19              |
|[1, 1, 1, 1, 1]          |A        |[3, 2]                            |10377.75   |37.8                    |[8.73, 6.26, 4.71, 2.69, 1.82, 2.35, 4.16, 2.86, 1.91, 1.64, 1.21, 1.01]|39.35     |49.43              |
|[1, 1, 1, 0.75, 0.5]     |A        |[3, 2]                            |10058.02   |37.84                   |[8.44, 6.16, 4.77, 2.88, 2.31, 2.21, 4.07, 2.95, 2.26, 1.34, 1.05, 1.0] |39.45     |49.35              |

