Building parameter array...
Parameter array built! Time taken: 0.0 seconds. 138 arrays to try.
Executing 138 solver functions...
10 options solved so far in 19 seconds.
20 options solved so far in 38 seconds.
30 options solved so far in 58 seconds.
40 options solved so far in 1 minute, 20 seconds.
50 options solved so far in 1 minute, 41 seconds.
60 options solved so far in 2 minutes, 1 second.
70 options solved so far in 2 minutes, 21 seconds.
80 options solved so far in 2 minutes, 38 seconds.
90 options solved so far in 2 minutes, 57 seconds.
100 options solved so far in 3 minutes, 18 seconds.
110 options solved so far in 3 minutes, 49 seconds.
120 options solved so far in 4 minutes, 18 seconds.
130 options solved so far in 4 minutes, 41 seconds.
Done! Solved 138 functions in 5 minutes, 11 seconds.
Summarizing...
Summary finished. Program done in 5 minutes, 11 seconds.

------------------------------------------------------------------------------------------------------------------------------------------------------------------------------------------------------
Top five with regards to system cost
------------------------------------------------------------------------------------------------------------------------------------------------------------------------------------------------------
|Diameters                 |Pump Type|Number of Pumps   |System Cost|Operating Cost (1 month max)|Flow Rates                                                              |Total Flow|Total Head Required|
| in                       |         | series, parallel | $         | $                          | gal/min                                                                | gal/min  | ft                |
|--------------------------|---------|------------------|-----------|----------------------------|------------------------------------------------------------------------|----------|-------------------|
|[1, 0.75, 0.5, 0.75, 0.5] |C        |[5, 1]            |1988.2     |42.45                       |[3.87, 3.46, 3.19, 2.93, 2.84, 2.88, 1.85, 1.65, 1.51, 1.37, 1.32, 1.34]|28.2      |60.23              |
|[1, 0.75, 0.5, 1, 1]      |C        |[5, 1]            |2307.93    |41.86                       |[3.6, 3.23, 2.97, 2.73, 2.64, 2.67, 3.22, 2.49, 2.02, 1.34, 1.16, 1.13] |29.21     |57.34              |
|[1, 0.75, 0.5, 0.75, 0.75]|C        |[6, 1]            |2394.8     |48.25                       |[3.88, 3.48, 3.2, 2.95, 2.85, 2.89, 3.42, 2.61, 2.1, 1.36, 1.16, 1.13]  |31.03     |62.22              |
|[1, 0.75, 0.75, 1, 0.75]  |C        |[6, 1]            |2558.62    |46.75                       |[6.58, 5.06, 4.09, 2.71, 2.34, 2.28, 1.97, 1.7, 1.52, 1.31, 1.24, 1.25] |32.05     |58.36              |
|[1, 0.75, 0.75, 1, 1]     |C        |[7, 1]            |2964.53    |50.64                       |[6.63, 5.1, 4.12, 2.73, 2.36, 2.3, 3.0, 2.32, 1.88, 1.25, 1.08, 1.05]   |33.83     |59.91              |


-----------------------------------------------------------------------------------------------------------------------------------------------------------------------------------------------------
Top five with regards to operation cost
-----------------------------------------------------------------------------------------------------------------------------------------------------------------------------------------------------
|Diameters                 |Pump Type|Number of Pumps   |System Cost|Operating Cost (1 month max)|Flow Rates                                                             |Total Flow|Total Head Required|
| in                       |         | series, parallel | $         | $                          | gal/min                                                               | gal/min  | ft                |
|--------------------------|---------|------------------|-----------|----------------------------|-----------------------------------------------------------------------|----------|-------------------|
|[1, 0.75, 0.75, 1, 0.75]  |A        |[2, 1]            |4058.62    |36.36                       |[6.58, 5.06, 4.09, 2.71, 2.34, 2.28, 1.97, 1.7, 1.52, 1.31, 1.24, 1.25]|32.05     |58.36              |
|[1, 0.75, 0.75, 1, 0.5]   |A        |[2, 1]            |3901.43    |36.7                        |[6.76, 5.2, 4.2, 2.79, 2.41, 2.35, 1.41, 1.35, 1.31, 1.33, 1.32, 1.34] |31.77     |59.43              |
|[1, 0.75, 0.5, 1, 1]      |A        |[2, 1]            |4057.93    |36.89                       |[3.7, 3.31, 3.04, 2.8, 2.71, 2.74, 3.76, 2.9, 2.36, 1.58, 1.37, 1.34]  |31.61     |60.04              |
|[1, 0.75, 0.5, 1, 0.75]   |A        |[2, 1]            |3902.03    |37.05                       |[3.74, 3.35, 3.08, 2.84, 2.75, 2.78, 2.81, 2.44, 2.18, 1.89, 1.8, 1.81]|31.47     |60.58              |
|[1, 0.75, 0.5, 0.75, 0.75]|A        |[2, 1]            |3894.8     |37.53                       |[3.88, 3.48, 3.2, 2.95, 2.85, 2.89, 3.42, 2.61, 2.1, 1.36, 1.16, 1.13] |31.03     |62.22              |

