Building parameter array...
Parameter array built! Time taken: 0.0 seconds. 138 arrays to try.
Executing 138 solver functions...
10 options solved so far in 24 seconds.
20 options solved so far in 44 seconds.
30 options solved so far in 1 minute, 1 second.
40 options solved so far in 1 minute, 23 seconds.
50 options solved so far in 1 minute, 51 seconds.
60 options solved so far in 2 minutes, 18 seconds.
70 options solved so far in 2 minutes, 38 seconds.
80 options solved so far in 2 minutes, 57 seconds.
90 options solved so far in 3 minutes, 18 seconds.
100 options solved so far in 3 minutes, 39 seconds.
110 options solved so far in 4 minutes, 1 second.
120 options solved so far in 4 minutes, 21 seconds.
130 options solved so far in 4 minutes, 45 seconds.
Done! Solved 138 functions in 5 minutes, 1 second.
Summarizing...
Summary finished. Program done in 5 minutes, 1 second.

-------------------------------------------------------------------------------------------------------------------------------------------------------------------------------------------------------
Top five with regards to system cost
-------------------------------------------------------------------------------------------------------------------------------------------------------------------------------------------------------
|Diameters                  |Pump Type|Number of Pumps   |System Cost|Operating Cost (1 month max)|Flow Rates                                                              |Total Flow|Total Head Required|
| in                        |         | series, parallel | $         | $                          | gal/min                                                                | gal/min  | ft                |
|---------------------------|---------|------------------|-----------|----------------------------|------------------------------------------------------------------------|----------|-------------------|
|[1, 0.75, 0.5, 0.75, 0.5]  |C        |[5, 1]            |1988.2     |42.18                       |[4.37, 3.78, 3.38, 3.0, 2.85, 2.91, 1.85, 1.59, 1.41, 1.23, 1.16, 1.18] |28.71     |58.8               |
|[1, 0.75, 0.5, 1, 0.5]     |C        |[5, 1]            |1994.83    |41.98                       |[4.27, 3.69, 3.3, 2.93, 2.78, 2.84, 1.65, 1.55, 1.47, 1.52, 1.49, 1.54] |29.03     |57.87              |
|[1, 0.75, 0.5, 1, 0.75]    |C        |[5, 1]            |2152.03    |41.76                       |[4.17, 3.61, 3.22, 2.86, 2.71, 2.77, 2.37, 1.97, 1.7, 1.38, 1.27, 1.29] |29.34     |56.97              |
|[1, 0.75, 0.75, 0.75, 0.5] |C        |[7, 1]            |2644.8     |51.48                       |[8.01, 5.84, 4.51, 2.73, 2.18, 2.09, 1.78, 1.53, 1.36, 1.19, 1.12, 1.14]|33.48     |61.52              |
|[0.75, 0.5, 0.5, 0.75, 0.5]|C        |[9, 1]            |2971.38    |76.06                       |[4.64, 3.29, 2.48, 1.41, 1.08, 1.01, 3.18, 2.74, 2.44, 2.16, 2.04, 2.09]|28.57     |106.54             |
|[1, 0.5, 0.5, 0.5, 0.5]    |C        |[9, 1]            |2975.55    |73.1                        |[5.43, 3.86, 2.92, 1.67, 1.28, 1.2, 4.76, 3.38, 2.55, 1.45, 1.11, 1.04] |30.65     |95.43              |


-----------------------------------------------------------------------------------------------------------------------------------------------------------------------------------------------------
Top five with regards to operation cost
-----------------------------------------------------------------------------------------------------------------------------------------------------------------------------------------------------
|Diameters                |Pump Type|Number of Pumps   |System Cost|Operating Cost (1 month max)|Flow Rates                                                              |Total Flow|Total Head Required|
| in                      |         | series, parallel | $         | $                          | gal/min                                                                | gal/min  | ft                |
|-------------------------|---------|------------------|-----------|----------------------------|------------------------------------------------------------------------|----------|-------------------|
|[1, 0.75, 0.5, 1, 0.75]  |A        |[2, 1]            |3902.03    |36.76                       |[4.28, 3.7, 3.3, 2.93, 2.78, 2.84, 2.81, 2.34, 2.02, 1.65, 1.52, 1.54]  |31.72     |59.62              |
|[1, 0.75, 0.5, 1, 0.5]   |A        |[2, 1]            |3744.82    |37.15                       |[4.41, 3.81, 3.4, 3.03, 2.87, 2.94, 1.95, 1.83, 1.75, 1.8, 1.77, 1.83]  |31.39     |60.9               |
|[1, 0.75, 0.5, 0.75, 0.5]|A        |[2, 1]            |3738.2     |37.52                       |[4.54, 3.92, 3.51, 3.12, 2.96, 3.03, 2.18, 1.87, 1.66, 1.46, 1.38, 1.41]|31.04     |62.19              |
|[1, 0.75, 0.5, 1, 0.75]  |B        |[3, 1]            |3302.03    |41.36                       |[4.28, 3.7, 3.3, 2.93, 2.78, 2.84, 2.81, 2.34, 2.02, 1.65, 1.52, 1.54]  |31.72     |59.62              |
|[1, 0.75, 0.5, 1, 0.75]  |C        |[5, 1]            |2152.03    |41.76                       |[4.17, 3.61, 3.22, 2.86, 2.71, 2.77, 2.37, 1.97, 1.7, 1.38, 1.27, 1.29] |29.34     |56.97              |
|[1, 0.75, 0.5, 1, 0.5]   |B        |[3, 1]            |3144.82    |41.79                       |[4.41, 3.81, 3.4, 3.03, 2.87, 2.94, 1.95, 1.83, 1.75, 1.8, 1.77, 1.83]  |31.39     |60.9               |

